<?xml version="1.0" encoding="UTF-8"?>
<testng-results skipped="0" failed="0" ignored="0" total="1" passed="1">
  <reporter-output>
  </reporter-output>
  <suite name="Assignment" duration-ms="29896" started-at="2020-08-21T06:32:52Z" finished-at="2020-08-21T06:33:21Z">
    <groups>
    </groups>
    <test name="ZestMoney" duration-ms="29896" started-at="2020-08-21T06:32:52Z" finished-at="2020-08-21T06:33:21Z">
      <class name="com.assignment.testCases.TC_LoginTest_001">
        <test-method status="PASS" signature="setup()[pri:0, instance:com.assignment.testCases.TC_LoginTest_001@5442a311]" name="setup" is-config="true" duration-ms="7374" started-at="2020-08-21T06:32:52Z" finished-at="2020-08-21T06:32:59Z">
          <reporter-output>
          </reporter-output>
        </test-method> <!-- setup -->
        <test-method status="PASS" signature="loginTest()[pri:0, instance:com.assignment.testCases.TC_LoginTest_001@5442a311]" name="loginTest" duration-ms="21035" started-at="2020-08-21T06:32:59Z" finished-at="2020-08-21T06:33:20Z">
          <reporter-output>
          </reporter-output>
        </test-method> <!-- loginTest -->
        <test-method status="PASS" signature="tearDown()[pri:0, instance:com.assignment.testCases.TC_LoginTest_001@5442a311]" name="tearDown" is-config="true" duration-ms="1456" started-at="2020-08-21T06:33:20Z" finished-at="2020-08-21T06:33:21Z">
          <reporter-output>
          </reporter-output>
        </test-method> <!-- tearDown -->
      </class> <!-- com.assignment.testCases.TC_LoginTest_001 -->
    </test> <!-- ZestMoney -->
  </suite> <!-- Assignment -->
</testng-results>
